2026/02/06 20:31:47 jpegoptim压缩失败: 
2026/02/06 20:31:47 jpegoptim压缩失败: 
2026/02/06 20:31:47 jpegoptim压缩失败: 
2026/02/06 20:31:47 jpegoptim压缩失败: 
2026/02/06 20:31:47 jpegoptim压缩失败: 
2026/02/06 20:31:47 oxipng压缩失败: 
2026/02/06 20:31:47 jpegoptim压缩失败: 
2026/02/06 20:31:47 jpegoptim压缩失败: 
2026/02/06 20:38:07 jpegoptim压缩失败: err=fork/exec /Users/xiaoz/MyProject/zpic-client/build/bin/zpic-client.app/Contents/MacOS/bin/darwin/jpegoptim: no such file or directory, output=
2026/02/06 20:38:07 jpegoptim压缩失败: err=fork/exec /Users/xiaoz/MyProject/zpic-client/build/bin/zpic-client.app/Contents/MacOS/bin/darwin/jpegoptim: no such file or directory, output=
2026/02/06 20:38:07 jpegoptim压缩失败: err=fork/exec /Users/xiaoz/MyProject/zpic-client/build/bin/zpic-client.app/Contents/MacOS/bin/darwin/jpegoptim: no such file or directory, output=
2026/02/06 20:38:07 jpegoptim压缩失败: err=fork/exec /Users/xiaoz/MyProject/zpic-client/build/bin/zpic-client.app/Contents/MacOS/bin/darwin/jpegoptim: no such file or directory, output=
2026/02/06 20:38:07 jpegoptim压缩失败: err=fork/exec /Users/xiaoz/MyProject/zpic-client/build/bin/zpic-client.app/Contents/MacOS/bin/darwin/jpegoptim: no such file or directory, output=
2026/02/06 20:38:07 jpegoptim压缩失败: err=fork/exec /Users/xiaoz/MyProject/zpic-client/build/bin/zpic-client.app/Contents/MacOS/bin/darwin/jpegoptim: no such file or directory, output=
2026/02/06 20:38:07 oxipng压缩失败: err=fork/exec /Users/xiaoz/MyProject/zpic-client/build/bin/zpic-client.app/Contents/MacOS/bin/darwin/oxipng: no such file or directory, output=
2026/02/06 20:38:07 jpegoptim压缩失败: err=fork/exec /Users/xiaoz/MyProject/zpic-client/build/bin/zpic-client.app/Contents/MacOS/bin/darwin/jpegoptim: no such file or directory, output=
2026/02/06 20:38:07 jpegoptim压缩失败: err=fork/exec /Users/xiaoz/MyProject/zpic-client/build/bin/zpic-client.app/Contents/MacOS/bin/darwin/jpegoptim: no such file or directory, output=
2026/02/06 20:43:37 jpegoptim压缩失败: err=exit status 3, output=jpegoptim: invalid destination directory: /var/folders/81/v4yf16kn4m96v89x3f1rzx2h0000gn/T/zpic-temp/星云 星空 苹果MAC 4K壁纸_彼岸图网.jpg
2026/02/06 20:43:37 jpegoptim压缩失败: err=exit status 3, output=jpegoptim: invalid destination directory: /var/folders/81/v4yf16kn4m96v89x3f1rzx2h0000gn/T/zpic-temp/IMG_20250202_201220.jpg
2026/02/06 20:43:37 jpegoptim压缩失败: err=exit status 3, output=jpegoptim: invalid destination directory: /var/folders/81/v4yf16kn4m96v89x3f1rzx2h0000gn/T/zpic-temp/IMG_20250202_201013.jpg
2026/02/06 20:43:37 jpegoptim压缩失败: err=exit status 3, output=jpegoptim: invalid destination directory: /var/folders/81/v4yf16kn4m96v89x3f1rzx2h0000gn/T/zpic-temp/IMG_20250214_103452.jpg
2026/02/06 20:43:37 jpegoptim压缩失败: err=exit status 3, output=jpegoptim: invalid destination directory: /var/folders/81/v4yf16kn4m96v89x3f1rzx2h0000gn/T/zpic-temp/IMG_20250202_201225.jpg
2026/02/06 20:43:37 jpegoptim压缩失败: err=exit status 3, output=jpegoptim: invalid destination directory: /var/folders/81/v4yf16kn4m96v89x3f1rzx2h0000gn/T/zpic-temp/IMG_20250202_201220的副本.jpg
2026/02/06 20:43:37 jpegoptim压缩失败: err=exit status 3, output=jpegoptim: invalid destination directory: /var/folders/81/v4yf16kn4m96v89x3f1rzx2h0000gn/T/zpic-temp/IMG_20250202_201002.jpg
2026/02/06 20:43:37 jpegoptim压缩失败: err=exit status 3, output=jpegoptim: invalid destination directory: /var/folders/81/v4yf16kn4m96v89x3f1rzx2h0000gn/T/zpic-temp/IMG_20250202_201232.jpg
2026/02/06 20:43:37 oxipng压缩失败: err=exit status 1, output=/Users/xiaoz/Pictures/test/2024_10_26_10_25_53.png: Failed to write to /var/folders/81/v4yf16kn4m96v89x3f1rzx2h0000gn/T/zpic-temp: Is a directory (os error 21)
Files processed: 0/1   
Input size: 0 bytes
Output size: 0 bytes
Total saved: 0 bytes (0.00%)
2026/02/06 20:59:36 ========== BatchUpload: 开始执行 ==========
2026/02/06 20:59:36 BatchUpload: 查询到 9 条待上传记录
2026/02/06 20:59:36 BatchUpload: 批量更新状态为上传中，IDs: [10 11 12 13 14 15 16 17 18]
2026/02/06 20:59:36 BatchUpload: 状态更新影响行数: 9
2026/02/06 20:59:36 BatchUpload: 启动 9 个 goroutine
2026/02/06 20:59:36 BatchUpload: 开始处理 ID=18, Path=/Users/xiaoz/Pictures/test/星云 星空 苹果MAC 4K壁纸_彼岸图网.jpg
2026/02/06 20:59:36 processAndUpload: 开始处理 ID=10
2026/02/06 20:59:36 processAndUpload: 开始处理 ID=18
2026/02/06 20:59:36 processAndUpload: 原始路径=/Users/xiaoz/Pictures/test/2024_10_26_10_25_53.png
2026/02/06 20:59:36 processAndUpload: 原始路径=/Users/xiaoz/Pictures/test/星云 星空 苹果MAC 4K壁纸_彼岸图网.jpg
2026/02/06 20:59:36 processAndUpload: 开始处理 ID=12
2026/02/06 20:59:36 processAndUpload: 原始路径=/Users/xiaoz/Pictures/test/IMG_20250202_201013.jpg
2026/02/06 20:59:36 BatchUpload: 开始处理 ID=17, Path=/Users/xiaoz/Pictures/test/IMG_20250214_103452.jpg
2026/02/06 20:59:36 processAndUpload: 开始处理 ID=17
2026/02/06 20:59:36 processAndUpload: 原始路径=/Users/xiaoz/Pictures/test/IMG_20250214_103452.jpg
2026/02/06 20:59:36 processAndUpload: 开始处理文件=/Users/xiaoz/Pictures/test/2024_10_26_10_25_53.png
2026/02/06 20:59:36 processAndUpload: 开始处理文件=/Users/xiaoz/Pictures/test/星云 星空 苹果MAC 4K壁纸_彼岸图网.jpg
2026/02/06 20:59:36 processAndUpload: 开始处理文件=/Users/xiaoz/Pictures/test/IMG_20250214_103452.jpg
2026/02/06 20:59:36 BatchUpload: 开始处理 ID=11, Path=/Users/xiaoz/Pictures/test/IMG_20250202_201002.jpg
2026/02/06 20:59:36 processAndUpload: 开始处理文件=/Users/xiaoz/Pictures/test/IMG_20250202_201013.jpg
2026/02/06 20:59:36 processAndUpload: 开始处理 ID=11
2026/02/06 20:59:36 BatchUpload: 开始处理 ID=13, Path=/Users/xiaoz/Pictures/test/IMG_20250202_201220.jpg
2026/02/06 20:59:36 processAndUpload: 原始路径=/Users/xiaoz/Pictures/test/IMG_20250202_201002.jpg
2026/02/06 20:59:36 processAndUpload: 开始处理 ID=13
2026/02/06 20:59:36 processAndUpload: 开始处理文件=/Users/xiaoz/Pictures/test/IMG_20250202_201002.jpg
2026/02/06 20:59:36 processAndUpload: 原始路径=/Users/xiaoz/Pictures/test/IMG_20250202_201220.jpg
2026/02/06 20:59:36 processAndUpload: 开始处理文件=/Users/xiaoz/Pictures/test/IMG_20250202_201220.jpg
2026/02/06 20:59:36 processAndUpload: 开始处理 ID=15
2026/02/06 20:59:36 processAndUpload: 原始路径=/Users/xiaoz/Pictures/test/IMG_20250202_201225.jpg
2026/02/06 20:59:36 processAndUpload: 开始处理 ID=16
2026/02/06 20:59:36 processAndUpload: 原始路径=/Users/xiaoz/Pictures/test/IMG_20250202_201232.jpg
2026/02/06 20:59:36 processAndUpload: 开始处理 ID=14
2026/02/06 20:59:36 processAndUpload: 开始处理文件=/Users/xiaoz/Pictures/test/IMG_20250202_201232.jpg
2026/02/06 20:59:36 processAndUpload: 开始处理文件=/Users/xiaoz/Pictures/test/IMG_20250202_201225.jpg
2026/02/06 20:59:36 processAndUpload: 原始路径=/Users/xiaoz/Pictures/test/IMG_20250202_201220的副本.jpg
2026/02/06 20:59:36 processAndUpload: 开始处理文件=/Users/xiaoz/Pictures/test/IMG_20250202_201220的副本.jpg
2026/02/06 20:59:36 processAndUpload: 处理完成，临时文件=/var/folders/81/v4yf16kn4m96v89x3f1rzx2h0000gn/T/zpic-temp/IMG_20250202_201002.jpg
2026/02/06 20:59:36 processAndUpload: 开始上传 ID=11，文件=/var/folders/81/v4yf16kn4m96v89x3f1rzx2h0000gn/T/zpic-temp/IMG_20250202_201002.jpg
2026/02/06 20:59:36 processAndUpload: 处理完成，临时文件=/var/folders/81/v4yf16kn4m96v89x3f1rzx2h0000gn/T/zpic-temp/IMG_20250202_201220.jpg
2026/02/06 20:59:36 processAndUpload: 开始上传 ID=13，文件=/var/folders/81/v4yf16kn4m96v89x3f1rzx2h0000gn/T/zpic-temp/IMG_20250202_201220.jpg
2026/02/06 20:59:36 processAndUpload: 处理完成，临时文件=/var/folders/81/v4yf16kn4m96v89x3f1rzx2h0000gn/T/zpic-temp/IMG_20250202_201232.jpg
2026/02/06 20:59:36 processAndUpload: 开始上传 ID=16，文件=/var/folders/81/v4yf16kn4m96v89x3f1rzx2h0000gn/T/zpic-temp/IMG_20250202_201232.jpg
2026/02/06 20:59:36 processAndUpload: 处理完成，临时文件=/var/folders/81/v4yf16kn4m96v89x3f1rzx2h0000gn/T/zpic-temp/星云 星空 苹果MAC 4K壁纸_彼岸图网.jpg
2026/02/06 20:59:36 processAndUpload: 开始上传 ID=18，文件=/var/folders/81/v4yf16kn4m96v89x3f1rzx2h0000gn/T/zpic-temp/星云 星空 苹果MAC 4K壁纸_彼岸图网.jpg
2026/02/06 20:59:36 processAndUpload: 处理完成，临时文件=/var/folders/81/v4yf16kn4m96v89x3f1rzx2h0000gn/T/zpic-temp/IMG_20250202_201013.jpg
2026/02/06 20:59:36 processAndUpload: 开始上传 ID=12，文件=/var/folders/81/v4yf16kn4m96v89x3f1rzx2h0000gn/T/zpic-temp/IMG_20250202_201013.jpg
2026/02/06 20:59:36 processAndUpload: 处理完成，临时文件=/var/folders/81/v4yf16kn4m96v89x3f1rzx2h0000gn/T/zpic-temp/IMG_20250214_103452.jpg
2026/02/06 20:59:36 processAndUpload: 开始上传 ID=17，文件=/var/folders/81/v4yf16kn4m96v89x3f1rzx2h0000gn/T/zpic-temp/IMG_20250214_103452.jpg
2026/02/06 20:59:36 processAndUpload: 处理完成，临时文件=/var/folders/81/v4yf16kn4m96v89x3f1rzx2h0000gn/T/zpic-temp/IMG_20250202_201225.jpg
2026/02/06 20:59:36 processAndUpload: 开始上传 ID=15，文件=/var/folders/81/v4yf16kn4m96v89x3f1rzx2h0000gn/T/zpic-temp/IMG_20250202_201225.jpg
2026/02/06 20:59:36 processAndUpload: 处理完成，临时文件=/var/folders/81/v4yf16kn4m96v89x3f1rzx2h0000gn/T/zpic-temp/IMG_20250202_201220的副本.jpg
2026/02/06 20:59:36 processAndUpload: 开始上传 ID=14，文件=/var/folders/81/v4yf16kn4m96v89x3f1rzx2h0000gn/T/zpic-temp/IMG_20250202_201220的副本.jpg
2026/02/06 20:59:37 processAndUpload: 处理完成，临时文件=/var/folders/81/v4yf16kn4m96v89x3f1rzx2h0000gn/T/zpic-temp/2024_10_26_10_25_53.png
2026/02/06 20:59:37 processAndUpload: 开始上传 ID=10，文件=/var/folders/81/v4yf16kn4m96v89x3f1rzx2h0000gn/T/zpic-temp/2024_10_26_10_25_53.png
2026/02/06 20:59:37 processAndUpload: 上传完成 ID=11，Success=true
2026/02/06 20:59:37 BatchUpload: 处理完成 ID=11, Success=true
2026/02/06 20:59:37 BatchUpload: 收集结果 ID=11, Success=true
2026/02/06 20:59:37 processAndUpload: 上传完成 ID=16，Success=true
2026/02/06 20:59:37 BatchUpload: 处理完成 ID=16, Success=true
2026/02/06 20:59:37 BatchUpload: 收集结果 ID=16, Success=true
2026/02/06 20:59:37 processAndUpload: 上传完成 ID=10，Success=true
2026/02/06 20:59:37 BatchUpload: 处理完成 ID=10, Success=true
2026/02/06 20:59:37 BatchUpload: 处理完成 ID=13, Success=true
2026/02/06 20:59:37 BatchUpload: 收集结果 ID=10, Success=true
2026/02/06 20:59:37 BatchUpload: 收集结果 ID=13, Success=true
2026/02/06 20:59:37 processAndUpload: 上传完成 ID=18，Success=true
2026/02/06 20:59:37 BatchUpload: 处理完成 ID=18, Success=true
2026/02/06 20:59:37 BatchUpload: 收集结果 ID=18, Success=true
2026/02/06 20:59:37 processAndUpload: 上传完成 ID=17，Success=true
2026/02/06 20:59:37 BatchUpload: 处理完成 ID=17, Success=true
2026/02/06 20:59:37 BatchUpload: 收集结果 ID=17, Success=true
2026/02/06 20:59:37 processAndUpload: 上传完成 ID=15，Success=true
2026/02/06 20:59:37 BatchUpload: 处理完成 ID=15, Success=true
2026/02/06 20:59:37 BatchUpload: 收集结果 ID=15, Success=true
2026/02/06 20:59:38 processAndUpload: 上传完成 ID=14，Success=true
2026/02/06 20:59:38 BatchUpload: 处理完成 ID=14, Success=true
2026/02/06 20:59:38 BatchUpload: 收集结果 ID=14, Success=true
2026/02/06 20:59:38 processAndUpload: 上传完成 ID=12，Success=true
2026/02/06 20:59:38 BatchUpload: 处理完成 ID=12, Success=true
2026/02/06 20:59:38 BatchUpload: 收集结果 ID=12, Success=true
2026/02/06 20:59:38 BatchUpload: 准备批量更新，共 0 条结果
2026/02/06 20:59:38 batchUpdateResults: 开始事务更新，共 0 条结果
2026/02/06 20:59:38 batchUpdateResults: 事务提交成功
2026/02/06 20:59:38 BatchUpload: 批量更新完成
2026/02/06 20:59:38 BatchUpload: 准备清理临时文件，共 9 个
2026/02/06 20:59:38 BatchUpload: 清理完成
2026/02/06 20:59:38 ========== BatchUpload: 执行完毕 ==========
2026/02/06 21:00:11 ========== BatchUpload: 开始执行 ==========
2026/02/06 21:00:11 BatchUpload: 查询到 0 条待上传记录
2026/02/06 21:00:11 BatchUpload: 没有待上传的记录
2026/02/06 21:00:46 ========== BatchUpload: 开始执行 ==========
2026/02/06 21:00:46 BatchUpload: 查询到 0 条待上传记录
2026/02/06 21:00:46 BatchUpload: 没有待上传的记录
2026/02/06 21:01:51 ========== BatchUpload: 开始执行 ==========
2026/02/06 21:01:51 BatchUpload: 查询到 9 条待上传记录
2026/02/06 21:01:51 BatchUpload: 批量更新状态为上传中，IDs: [10 11 12 13 14 15 16 17 18]
2026/02/06 21:01:51 BatchUpload: 状态更新影响行数: 9
2026/02/06 21:01:51 BatchUpload: 启动 9 个 goroutine
2026/02/06 21:01:51 BatchUpload: 开始处理 ID=13, Path=/Users/xiaoz/Pictures/test/IMG_20250202_201220.jpg
2026/02/06 21:01:51 processAndUpload: 开始处理 ID=13
2026/02/06 21:01:51 processAndUpload: 原始路径=/Users/xiaoz/Pictures/test/IMG_20250202_201220.jpg
2026/02/06 21:01:51 BatchUpload: 开始处理 ID=17, Path=/Users/xiaoz/Pictures/test/IMG_20250214_103452.jpg
2026/02/06 21:01:51 processAndUpload: 开始处理 ID=17
2026/02/06 21:01:51 BatchUpload: 开始处理 ID=11, Path=/Users/xiaoz/Pictures/test/IMG_20250202_201002.jpg
2026/02/06 21:01:51 processAndUpload: 原始路径=/Users/xiaoz/Pictures/test/IMG_20250214_103452.jpg
2026/02/06 21:01:51 processAndUpload: 开始处理 ID=11
2026/02/06 21:01:51 BatchUpload: 开始处理 ID=10, Path=/Users/xiaoz/Pictures/test/2024_10_26_10_25_53.png
2026/02/06 21:01:51 processAndUpload: 原始路径=/Users/xiaoz/Pictures/test/IMG_20250202_201002.jpg
2026/02/06 21:01:51 processAndUpload: 开始处理 ID=10
2026/02/06 21:01:51 processAndUpload: 开始处理文件=/Users/xiaoz/Pictures/test/IMG_20250202_201002.jpg
2026/02/06 21:01:51 processAndUpload: 开始处理 ID=14
2026/02/06 21:01:51 BatchUpload: 开始处理 ID=16, Path=/Users/xiaoz/Pictures/test/IMG_20250202_201232.jpg
2026/02/06 21:01:51 processAndUpload: 原始路径=/Users/xiaoz/Pictures/test/IMG_20250202_201220的副本.jpg
2026/02/06 21:01:51 processAndUpload: 开始处理 ID=16
2026/02/06 21:01:51 processAndUpload: 开始处理文件=/Users/xiaoz/Pictures/test/IMG_20250202_201220的副本.jpg
2026/02/06 21:01:51 processAndUpload: 原始路径=/Users/xiaoz/Pictures/test/IMG_20250202_201232.jpg
2026/02/06 21:01:51 processAndUpload: 开始处理文件=/Users/xiaoz/Pictures/test/IMG_20250202_201232.jpg
2026/02/06 21:01:51 processAndUpload: 开始处理文件=/Users/xiaoz/Pictures/test/2024_10_26_10_25_53.png
2026/02/06 21:01:51 processAndUpload: 开始处理 ID=12
2026/02/06 21:01:51 processAndUpload: 开始处理文件=/Users/xiaoz/Pictures/test/IMG_20250202_201220.jpg
2026/02/06 21:01:51 processAndUpload: 原始路径=/Users/xiaoz/Pictures/test/IMG_20250202_201013.jpg
2026/02/06 21:01:51 processAndUpload: 开始处理 ID=15
2026/02/06 21:01:51 processAndUpload: 原始路径=/Users/xiaoz/Pictures/test/IMG_20250202_201225.jpg
2026/02/06 21:01:51 processAndUpload: 开始处理 ID=18
2026/02/06 21:01:51 processAndUpload: 开始处理文件=/Users/xiaoz/Pictures/test/IMG_20250202_201225.jpg
2026/02/06 21:01:51 processAndUpload: 原始路径=/Users/xiaoz/Pictures/test/星云 星空 苹果MAC 4K壁纸_彼岸图网.jpg
2026/02/06 21:01:51 processAndUpload: 开始处理文件=/Users/xiaoz/Pictures/test/IMG_20250202_201013.jpg
2026/02/06 21:01:51 processAndUpload: 开始处理文件=/Users/xiaoz/Pictures/test/星云 星空 苹果MAC 4K壁纸_彼岸图网.jpg
2026/02/06 21:02:42 ========== BatchUpload: 开始执行 ==========
2026/02/06 21:02:42 BatchUpload: 查询到 0 条待上传记录
2026/02/06 21:02:42 BatchUpload: 没有待上传的记录
2026/02/06 21:03:17 ========== BatchUpload: 开始执行 ==========
2026/02/06 21:03:17 BatchUpload: 查询到 0 条待上传记录
2026/02/06 21:03:17 BatchUpload: 没有待上传的记录
2026/02/06 21:03:52 ========== BatchUpload: 开始执行 ==========
2026/02/06 21:03:52 BatchUpload: 查询到 0 条待上传记录
2026/02/06 21:03:52 BatchUpload: 没有待上传的记录
2026/02/06 21:04:27 ========== BatchUpload: 开始执行 ==========
2026/02/06 21:04:27 BatchUpload: 查询到 0 条待上传记录
2026/02/06 21:04:27 BatchUpload: 没有待上传的记录
2026/02/06 21:08:34 jpegoptim压缩失败: err=exit status 1, output=/Users/xiaoz/Pictures/test/IMG_20250202_201002.jpg 1200x1107 24bit N JFIF,Exif,XMP [OK]  (target file already exists)  [ERROR]
2026/02/06 21:08:34 jpegoptim压缩失败: err=exit status 1, output=/Users/xiaoz/Pictures/test/IMG_20250202_201232.jpg 1600x1172 24bit N JFIF,Exif,XMP [OK]  (target file already exists)  [ERROR]
2026/02/06 21:08:34 jpegoptim压缩失败: err=exit status 1, output=/Users/xiaoz/Pictures/test/IMG_20250202_201220.jpg 1200x1188 24bit N JFIF,Exif,XMP [OK]  (target file already exists)  [ERROR]
2026/02/06 21:08:34 processAndUpload: 处理完成，临时文件=/var/folders/81/v4yf16kn4m96v89x3f1rzx2h0000gn/T/zpic-temp/IMG_20250202_201002.jpg
2026/02/06 21:08:34 processAndUpload: 处理完成，临时文件=/var/folders/81/v4yf16kn4m96v89x3f1rzx2h0000gn/T/zpic-temp/IMG_20250202_201232.jpg
2026/02/06 21:08:34 processAndUpload: 处理完成，临时文件=/var/folders/81/v4yf16kn4m96v89x3f1rzx2h0000gn/T/zpic-temp/IMG_20250202_201220.jpg
2026/02/06 21:08:34 processAndUpload: 处理完成，临时文件=/var/folders/81/v4yf16kn4m96v89x3f1rzx2h0000gn/T/zpic-temp/星云 星空 苹果MAC 4K壁纸_彼岸图网.jpg
2026/02/06 21:08:34 processAndUpload: 处理完成，临时文件=/var/folders/81/v4yf16kn4m96v89x3f1rzx2h0000gn/T/zpic-temp/IMG_20250214_103452.jpg
2026/02/06 21:08:34 processAndUpload: 处理完成，临时文件=/var/folders/81/v4yf16kn4m96v89x3f1rzx2h0000gn/T/zpic-temp/IMG_20250202_201013.jpg
2026/02/06 21:08:34 processAndUpload: 处理完成，临时文件=/var/folders/81/v4yf16kn4m96v89x3f1rzx2h0000gn/T/zpic-temp/IMG_20250202_201220的副本.jpg
2026/02/06 21:08:34 processAndUpload: 处理完成，临时文件=/var/folders/81/v4yf16kn4m96v89x3f1rzx2h0000gn/T/zpic-temp/IMG_20250202_201225.jpg
2026/02/06 21:08:34 processAndUpload: 处理完成，临时文件=/var/folders/81/v4yf16kn4m96v89x3f1rzx2h0000gn/T/zpic-temp/2024_10_26_10_25_53.png
2026/02/06 21:08:35 processAndUpload: 上传完成 ID=11，Success=true
2026/02/06 21:08:35 processAndUpload: 上传完成 ID=13，Success=true
2026/02/06 21:08:35 processAndUpload: 上传完成 ID=16，Success=true
2026/02/06 21:08:35 processAndUpload: 上传完成 ID=10，Success=true
2026/02/06 21:08:35 processAndUpload: 上传完成 ID=15，Success=true
2026/02/06 21:08:36 processAndUpload: 上传完成 ID=17，Success=true
2026/02/06 21:08:36 processAndUpload: 上传完成 ID=18，Success=true
2026/02/06 21:08:36 processAndUpload: 上传完成 ID=14，Success=true
2026/02/06 21:08:36 processAndUpload: 上传完成 ID=12，Success=true
2026/02/06 21:11:23 processAndUpload: 处理完成，临时文件=/var/folders/81/v4yf16kn4m96v89x3f1rzx2h0000gn/T/zpic-temp/IMG_20250202_201220.jpg
2026/02/06 21:11:23 processAndUpload: 处理完成，临时文件=/var/folders/81/v4yf16kn4m96v89x3f1rzx2h0000gn/T/zpic-temp/IMG_20250202_201002.jpg
2026/02/06 21:11:23 processAndUpload: 处理完成，临时文件=/var/folders/81/v4yf16kn4m96v89x3f1rzx2h0000gn/T/zpic-temp/IMG_20250202_201232.jpg
2026/02/06 21:11:23 processAndUpload: 处理完成，临时文件=/var/folders/81/v4yf16kn4m96v89x3f1rzx2h0000gn/T/zpic-temp/星云 星空 苹果MAC 4K壁纸_彼岸图网.jpg
2026/02/06 21:11:23 processAndUpload: 处理完成，临时文件=/var/folders/81/v4yf16kn4m96v89x3f1rzx2h0000gn/T/zpic-temp/IMG_20250214_103452.jpg
2026/02/06 21:11:23 processAndUpload: 处理完成，临时文件=/var/folders/81/v4yf16kn4m96v89x3f1rzx2h0000gn/T/zpic-temp/IMG_20250202_201013.jpg
2026/02/06 21:11:23 processAndUpload: 处理完成，临时文件=/var/folders/81/v4yf16kn4m96v89x3f1rzx2h0000gn/T/zpic-temp/IMG_20250202_201225.jpg
2026/02/06 21:11:23 processAndUpload: 处理完成，临时文件=/var/folders/81/v4yf16kn4m96v89x3f1rzx2h0000gn/T/zpic-temp/IMG_20250202_201220的副本.jpg
2026/02/06 21:11:23 processAndUpload: 处理完成，临时文件=/var/folders/81/v4yf16kn4m96v89x3f1rzx2h0000gn/T/zpic-temp/2024_10_26_10_25_53.png
2026/02/06 21:11:24 processAndUpload: 上传完成 ID=13，Success=true
2026/02/06 21:11:24 processAndUpload: 上传完成 ID=16，Success=true
2026/02/06 21:11:24 processAndUpload: 上传完成 ID=11，Success=true
2026/02/06 21:11:24 processAndUpload: 上传完成 ID=17，Success=true
2026/02/06 21:11:24 processAndUpload: 上传完成 ID=15，Success=true
2026/02/06 21:11:25 processAndUpload: 上传完成 ID=10，Success=true
2026/02/06 21:11:25 processAndUpload: 上传完成 ID=18，Success=true
2026/02/06 21:11:25 processAndUpload: 上传完成 ID=14，Success=true
2026/02/06 21:11:25 processAndUpload: 上传完成 ID=12，Success=true
2026/02/07 11:21:22 https://hodlai.fun/logo.jpg无法获取文件大小
2026/02/07 11:21:22 URL下载失败，ID：109，错误信息：无法获取文件大小